<?xml version="1.0" encoding="UTF-8"?>
<!-- Generated by org.testng.reporters.JUnitXMLReporter -->
<testsuite hostname="IBM-Testing01" ignored="1" name="Default test(failed)" tests="1" failures="1" timestamp="04 Mar 2020 06:30:37 GMT" time="8.928" errors="0">
  <testcase name="checkurl" time="0.019" classname="TestNGpackage.verifyGoogletest">
    <failure type="java.lang.AssertionError" message="expected [https://www.google/] but found [https://www.google.com/]">
      <![CDATA[java.lang.AssertionError: expected [https://www.google/] but found [https://www.google.com/]
at TestNGpackage.verifyGoogletest.checkurl(verifyGoogletest.java:24)
... Removed 31 stack frames]]>
    </failure>
  </testcase> <!-- checkurl -->
  <testcase name="checklogo" time="0.0" classname="TestNGpackage.verifyGoogletest">
    <ignored/>
  </testcase> <!-- checklogo -->
</testsuite> <!-- Default test(failed) -->
